toy_example_gpu
23471690     toy_example+         8G                00:06:10    05:53.557     00:03:05 2025-10-05T12:34:16  COMPLETED    0:0 
23471690.ba+        batch               837760K     00:06:10    05:53.555     00:03:05 2025-10-05T12:34:16  COMPLETED    0:0 
23471690.ex+       extern                   24K     00:06:10    00:00.001     00:03:05 2025-10-05T12:34:16  COMPLETED    0:0 
toy_example
23471691     toy_example+         8G                00:30:36    30:18.561     00:15:18 2025-10-05T12:46:51    TIMEOUT    0:0 
23471691.ba+        batch              2007252K     00:30:38    30:18.560     00:15:19 2025-10-05T12:46:52  CANCELLED   0:15 
23471691.ex+       extern                   12K     00:30:38    00:00.001     00:15:19 2025-10-05T12:46:52  COMPLETED    0:0 
assignment1
23471907     assignment1+        16G              1-19:46:28   1-19:23:35     21:53:14 2025-10-06T10:50:40  COMPLETED    0:0 
23471907.ba+        batch             11121464K   1-19:46:28   1-19:23:35     21:53:14 2025-10-06T10:50:40  COMPLETED    0:0 
23471907.ex+       extern                    8K   1-19:46:28    00:00.001     21:53:14 2025-10-06T10:50:40  COMPLETED    0:0 
sk-en
23486950         sk-en.sh        16G                02:04:08     02:03:58     01:02:04 2025-10-07T10:57:33  COMPLETED    0:0 
23486950.ba+        batch               723440K     02:04:08     02:03:58     01:02:04 2025-10-07T10:57:33  COMPLETED    0:0 
23486950.ex+       extern                    8K     02:04:08    00:00.001     01:02:04 2025-10-07T10:57:33  COMPLETED    0:0 
cz-en
23486907         cz-en.sh        16G                05:11:44     05:10:57     02:35:52 2025-10-07T12:30:41  COMPLETED    0:0 
23486907.ba+        batch               723232K     05:11:44     05:10:57     02:35:52 2025-10-07T12:30:41  COMPLETED    0:0 
23486907.ex+       extern                   16K     05:11:44    00:00.001     02:35:52 2025-10-07T12:30:41  COMPLETED    0:0 
